Dec 28 2024 06:38:05
{"type":8192,"message":"Return type of Ai1wm_Recursive_Newline_Filter::accept() should either be compatible with FilterIterator::accept(): bool, or the #[\\ReturnTypeWillChange] attribute should be used to temporarily suppress the notice","file":"\/var\/www\/html\/wp-piscina\/wp-content\/plugins\/All-In-One-WP-Migration-Pro-master\/lib\/vendor\/servmask\/filter\/class-ai1wm-recursive-newline-filter.php","line":28}

Dec 28 2024 06:38:05
{"type":8192,"message":"Return type of Ai1wm_Recursive_Newline_Filter::accept() should either be compatible with FilterIterator::accept(): bool, or the #[\\ReturnTypeWillChange] attribute should be used to temporarily suppress the notice","file":"\/var\/www\/html\/wp-piscina\/wp-content\/plugins\/All-In-One-WP-Migration-Pro-master\/lib\/vendor\/servmask\/filter\/class-ai1wm-recursive-newline-filter.php","line":28}

Dec 28 2024 06:38:05
{"type":8192,"message":"Return type of Ai1wm_Recursive_Newline_Filter::accept() should either be compatible with FilterIterator::accept(): bool, or the #[\\ReturnTypeWillChange] attribute should be used to temporarily suppress the notice","file":"\/var\/www\/html\/wp-piscina\/wp-content\/plugins\/All-In-One-WP-Migration-Pro-master\/lib\/vendor\/servmask\/filter\/class-ai1wm-recursive-newline-filter.php","line":28}

Dec 28 2024 06:38:05
{"type":8192,"message":"Return type of Ai1wm_Recursive_Newline_Filter::accept() should either be compatible with FilterIterator::accept(): bool, or the #[\\ReturnTypeWillChange] attribute should be used to temporarily suppress the notice","file":"\/var\/www\/html\/wp-piscina\/wp-content\/plugins\/All-In-One-WP-Migration-Pro-master\/lib\/vendor\/servmask\/filter\/class-ai1wm-recursive-newline-filter.php","line":28}

Dec 28 2024 06:38:06
{"type":8192,"message":"Return type of Ai1wm_Recursive_Newline_Filter::accept() should either be compatible with FilterIterator::accept(): bool, or the #[\\ReturnTypeWillChange] attribute should be used to temporarily suppress the notice","file":"\/var\/www\/html\/wp-piscina\/wp-content\/plugins\/All-In-One-WP-Migration-Pro-master\/lib\/vendor\/servmask\/filter\/class-ai1wm-recursive-newline-filter.php","line":28}

Dec 28 2024 06:38:15
{"type":8192,"message":"Return type of Ai1wm_Recursive_Newline_Filter::accept() should either be compatible with FilterIterator::accept(): bool, or the #[\\ReturnTypeWillChange] attribute should be used to temporarily suppress the notice","file":"\/var\/www\/html\/wp-piscina\/wp-content\/plugins\/All-In-One-WP-Migration-Pro-master\/lib\/vendor\/servmask\/filter\/class-ai1wm-recursive-newline-filter.php","line":28}

Dec 28 2024 06:38:15
{"type":8192,"message":"Return type of Ai1wm_Recursive_Newline_Filter::accept() should either be compatible with FilterIterator::accept(): bool, or the #[\\ReturnTypeWillChange] attribute should be used to temporarily suppress the notice","file":"\/var\/www\/html\/wp-piscina\/wp-content\/plugins\/All-In-One-WP-Migration-Pro-master\/lib\/vendor\/servmask\/filter\/class-ai1wm-recursive-newline-filter.php","line":28}

Dec 28 2024 06:38:15
{"type":8192,"message":"Return type of Ai1wm_Recursive_Newline_Filter::accept() should either be compatible with FilterIterator::accept(): bool, or the #[\\ReturnTypeWillChange] attribute should be used to temporarily suppress the notice","file":"\/var\/www\/html\/wp-piscina\/wp-content\/plugins\/All-In-One-WP-Migration-Pro-master\/lib\/vendor\/servmask\/filter\/class-ai1wm-recursive-newline-filter.php","line":28}

Dec 28 2024 06:38:15
{"type":8192,"message":"Return type of Ai1wm_Recursive_Newline_Filter::accept() should either be compatible with FilterIterator::accept(): bool, or the #[\\ReturnTypeWillChange] attribute should be used to temporarily suppress the notice","file":"\/var\/www\/html\/wp-piscina\/wp-content\/plugins\/All-In-One-WP-Migration-Pro-master\/lib\/vendor\/servmask\/filter\/class-ai1wm-recursive-newline-filter.php","line":28}

Dec 28 2024 06:38:15
{"Number":2,"Message":"rename(\/var\/www\/html\/wp-piscina\/wp-content\/plugins\/All-In-One-WP-Migration-Pro-master\/storage\/jdhd18qzwilr\/localhost-wp-piscina-20241228-063805-179.wpress,\/var\/www\/html\/wp-piscina\/wp-content\/ai1wm-backups\/localhost-wp-piscina-20241228-063805-179.wpress): Permission denied","File":"\/var\/www\/html\/wp-piscina\/wp-content\/plugins\/All-In-One-WP-Migration-Pro-master\/lib\/model\/export\/class-ai1wm-export-download.php","Line":40}

Dec 28 2024 06:38:15
{"type":8192,"message":"Return type of Ai1wm_Recursive_Newline_Filter::accept() should either be compatible with FilterIterator::accept(): bool, or the #[\\ReturnTypeWillChange] attribute should be used to temporarily suppress the notice","file":"\/var\/www\/html\/wp-piscina\/wp-content\/plugins\/All-In-One-WP-Migration-Pro-master\/lib\/vendor\/servmask\/filter\/class-ai1wm-recursive-newline-filter.php","line":28}

Dec 28 2024 06:38:16
{"type":8192,"message":"Return type of Ai1wm_Recursive_Newline_Filter::accept() should either be compatible with FilterIterator::accept(): bool, or the #[\\ReturnTypeWillChange] attribute should be used to temporarily suppress the notice","file":"\/var\/www\/html\/wp-piscina\/wp-content\/plugins\/All-In-One-WP-Migration-Pro-master\/lib\/vendor\/servmask\/filter\/class-ai1wm-recursive-newline-filter.php","line":28}

Dec 28 2024 07:02:02
{"type":8192,"message":"Return type of Ai1wm_Recursive_Newline_Filter::accept() should either be compatible with FilterIterator::accept(): bool, or the #[\\ReturnTypeWillChange] attribute should be used to temporarily suppress the notice","file":"\/var\/www\/html\/wp-piscina\/wp-content\/plugins\/All-In-One-WP-Migration-Pro-master\/lib\/vendor\/servmask\/filter\/class-ai1wm-recursive-newline-filter.php","line":28}

Dec 28 2024 07:02:47
{"type":8192,"message":"Return type of Ai1wm_Recursive_Newline_Filter::accept() should either be compatible with FilterIterator::accept(): bool, or the #[\\ReturnTypeWillChange] attribute should be used to temporarily suppress the notice","file":"\/var\/www\/html\/wp-piscina\/wp-content\/plugins\/All-In-One-WP-Migration-Pro-master\/lib\/vendor\/servmask\/filter\/class-ai1wm-recursive-newline-filter.php","line":28}

Dec 28 2024 07:02:47
{"type":8192,"message":"Return type of Ai1wm_Recursive_Newline_Filter::accept() should either be compatible with FilterIterator::accept(): bool, or the #[\\ReturnTypeWillChange] attribute should be used to temporarily suppress the notice","file":"\/var\/www\/html\/wp-piscina\/wp-content\/plugins\/All-In-One-WP-Migration-Pro-master\/lib\/vendor\/servmask\/filter\/class-ai1wm-recursive-newline-filter.php","line":28}

Dec 28 2024 07:02:47
{"type":8192,"message":"Return type of Ai1wm_Recursive_Newline_Filter::accept() should either be compatible with FilterIterator::accept(): bool, or the #[\\ReturnTypeWillChange] attribute should be used to temporarily suppress the notice","file":"\/var\/www\/html\/wp-piscina\/wp-content\/plugins\/All-In-One-WP-Migration-Pro-master\/lib\/vendor\/servmask\/filter\/class-ai1wm-recursive-newline-filter.php","line":28}

Dec 28 2024 07:02:47
{"type":8192,"message":"Return type of Ai1wm_Recursive_Newline_Filter::accept() should either be compatible with FilterIterator::accept(): bool, or the #[\\ReturnTypeWillChange] attribute should be used to temporarily suppress the notice","file":"\/var\/www\/html\/wp-piscina\/wp-content\/plugins\/All-In-One-WP-Migration-Pro-master\/lib\/vendor\/servmask\/filter\/class-ai1wm-recursive-newline-filter.php","line":28}

Dec 28 2024 07:02:49
{"type":8192,"message":"Return type of Ai1wm_Recursive_Newline_Filter::accept() should either be compatible with FilterIterator::accept(): bool, or the #[\\ReturnTypeWillChange] attribute should be used to temporarily suppress the notice","file":"\/var\/www\/html\/wp-piscina\/wp-content\/plugins\/All-In-One-WP-Migration-Pro-master\/lib\/vendor\/servmask\/filter\/class-ai1wm-recursive-newline-filter.php","line":28}

Dec 28 2024 07:02:50
{"type":8192,"message":"Return type of Ai1wm_Recursive_Newline_Filter::accept() should either be compatible with FilterIterator::accept(): bool, or the #[\\ReturnTypeWillChange] attribute should be used to temporarily suppress the notice","file":"\/var\/www\/html\/wp-piscina\/wp-content\/plugins\/All-In-One-WP-Migration-Pro-master\/lib\/vendor\/servmask\/filter\/class-ai1wm-recursive-newline-filter.php","line":28}

Dec 28 2024 07:03:00
{"Number":2,"Message":"filesize(): stat failed for \/var\/www\/html\/wp-piscina\/wp-content\/plugins\/All-In-One-WP-Migration-Pro-master\/storage\/q932yd11hrqg\/localhost-wp-piscina-20241228-070247-326.wpress","File":"\/var\/www\/html\/wp-piscina\/wp-content\/plugins\/All-In-One-WP-Migration-Pro-master\/lib\/vendor\/servmask\/archiver\/class-ai1wm-archiver.php","Line":217}

Dec 28 2024 07:03:00
{"type":8192,"message":"Return type of Ai1wm_Recursive_Newline_Filter::accept() should either be compatible with FilterIterator::accept(): bool, or the #[\\ReturnTypeWillChange] attribute should be used to temporarily suppress the notice","file":"\/var\/www\/html\/wp-piscina\/wp-content\/plugins\/All-In-One-WP-Migration-Pro-master\/lib\/vendor\/servmask\/filter\/class-ai1wm-recursive-newline-filter.php","line":28}

Dec 28 2024 07:03:17
{"type":8192,"message":"Return type of Ai1wm_Recursive_Newline_Filter::accept() should either be compatible with FilterIterator::accept(): bool, or the #[\\ReturnTypeWillChange] attribute should be used to temporarily suppress the notice","file":"\/var\/www\/html\/wp-piscina\/wp-content\/plugins\/All-In-One-WP-Migration-Pro-master\/lib\/vendor\/servmask\/filter\/class-ai1wm-recursive-newline-filter.php","line":28}

Dec 28 2024 07:03:17
{"type":8192,"message":"Return type of Ai1wm_Recursive_Newline_Filter::accept() should either be compatible with FilterIterator::accept(): bool, or the #[\\ReturnTypeWillChange] attribute should be used to temporarily suppress the notice","file":"\/var\/www\/html\/wp-piscina\/wp-content\/plugins\/All-In-One-WP-Migration-Pro-master\/lib\/vendor\/servmask\/filter\/class-ai1wm-recursive-newline-filter.php","line":28}

Dec 28 2024 07:03:17
{"type":8192,"message":"Return type of Ai1wm_Recursive_Newline_Filter::accept() should either be compatible with FilterIterator::accept(): bool, or the #[\\ReturnTypeWillChange] attribute should be used to temporarily suppress the notice","file":"\/var\/www\/html\/wp-piscina\/wp-content\/plugins\/All-In-One-WP-Migration-Pro-master\/lib\/vendor\/servmask\/filter\/class-ai1wm-recursive-newline-filter.php","line":28}

Dec 28 2024 07:03:17
{"type":8192,"message":"Return type of Ai1wm_Recursive_Newline_Filter::accept() should either be compatible with FilterIterator::accept(): bool, or the #[\\ReturnTypeWillChange] attribute should be used to temporarily suppress the notice","file":"\/var\/www\/html\/wp-piscina\/wp-content\/plugins\/All-In-One-WP-Migration-Pro-master\/lib\/vendor\/servmask\/filter\/class-ai1wm-recursive-newline-filter.php","line":28}

Dec 28 2024 07:03:17
{"type":8192,"message":"Return type of Ai1wm_Recursive_Newline_Filter::accept() should either be compatible with FilterIterator::accept(): bool, or the #[\\ReturnTypeWillChange] attribute should be used to temporarily suppress the notice","file":"\/var\/www\/html\/wp-piscina\/wp-content\/plugins\/All-In-One-WP-Migration-Pro-master\/lib\/vendor\/servmask\/filter\/class-ai1wm-recursive-newline-filter.php","line":28}

Dec 28 2024 07:03:27
{"type":8192,"message":"Return type of Ai1wm_Recursive_Newline_Filter::accept() should either be compatible with FilterIterator::accept(): bool, or the #[\\ReturnTypeWillChange] attribute should be used to temporarily suppress the notice","file":"\/var\/www\/html\/wp-piscina\/wp-content\/plugins\/All-In-One-WP-Migration-Pro-master\/lib\/vendor\/servmask\/filter\/class-ai1wm-recursive-newline-filter.php","line":28}

Dec 28 2024 07:03:28
{"type":8192,"message":"Return type of Ai1wm_Recursive_Newline_Filter::accept() should either be compatible with FilterIterator::accept(): bool, or the #[\\ReturnTypeWillChange] attribute should be used to temporarily suppress the notice","file":"\/var\/www\/html\/wp-piscina\/wp-content\/plugins\/All-In-One-WP-Migration-Pro-master\/lib\/vendor\/servmask\/filter\/class-ai1wm-recursive-newline-filter.php","line":28}

Dec 28 2024 07:03:31
{"type":8192,"message":"Return type of Ai1wm_Recursive_Newline_Filter::accept() should either be compatible with FilterIterator::accept(): bool, or the #[\\ReturnTypeWillChange] attribute should be used to temporarily suppress the notice","file":"\/var\/www\/html\/wp-piscina\/wp-content\/plugins\/All-In-One-WP-Migration-Pro-master\/lib\/vendor\/servmask\/filter\/class-ai1wm-recursive-newline-filter.php","line":28}

Dec 28 2024 07:03:33
{"type":8192,"message":"Return type of Ai1wm_Recursive_Newline_Filter::accept() should either be compatible with FilterIterator::accept(): bool, or the #[\\ReturnTypeWillChange] attribute should be used to temporarily suppress the notice","file":"\/var\/www\/html\/wp-piscina\/wp-content\/plugins\/All-In-One-WP-Migration-Pro-master\/lib\/vendor\/servmask\/filter\/class-ai1wm-recursive-newline-filter.php","line":28}

Dec 28 2024 07:03:35
{"Number":2,"Message":"rename(\/var\/www\/html\/wp-piscina\/wp-content\/plugins\/All-In-One-WP-Migration-Pro-master\/storage\/xs96mjz003vq\/localhost-wp-piscina-20241228-070317-226.wpress,\/var\/www\/html\/wp-piscina\/wp-content\/ai1wm-backups\/localhost-wp-piscina-20241228-070317-226.wpress): Permission denied","File":"\/var\/www\/html\/wp-piscina\/wp-content\/plugins\/All-In-One-WP-Migration-Pro-master\/lib\/model\/export\/class-ai1wm-export-download.php","Line":40}

Dec 28 2024 07:03:35
{"type":8192,"message":"Return type of Ai1wm_Recursive_Newline_Filter::accept() should either be compatible with FilterIterator::accept(): bool, or the #[\\ReturnTypeWillChange] attribute should be used to temporarily suppress the notice","file":"\/var\/www\/html\/wp-piscina\/wp-content\/plugins\/All-In-One-WP-Migration-Pro-master\/lib\/vendor\/servmask\/filter\/class-ai1wm-recursive-newline-filter.php","line":28}

Dec 28 2024 07:03:36
{"type":8192,"message":"Return type of Ai1wm_Recursive_Newline_Filter::accept() should either be compatible with FilterIterator::accept(): bool, or the #[\\ReturnTypeWillChange] attribute should be used to temporarily suppress the notice","file":"\/var\/www\/html\/wp-piscina\/wp-content\/plugins\/All-In-One-WP-Migration-Pro-master\/lib\/vendor\/servmask\/filter\/class-ai1wm-recursive-newline-filter.php","line":28}

Dec 28 2024 07:08:31
{"type":8192,"message":"Return type of Ai1wm_Recursive_Newline_Filter::accept() should either be compatible with FilterIterator::accept(): bool, or the #[\\ReturnTypeWillChange] attribute should be used to temporarily suppress the notice","file":"\/var\/www\/html\/wp-piscina\/wp-content\/plugins\/All-In-One-WP-Migration-Pro-master\/lib\/vendor\/servmask\/filter\/class-ai1wm-recursive-newline-filter.php","line":28}

Dec 28 2024 07:08:31
{"type":8192,"message":"Return type of Ai1wm_Recursive_Newline_Filter::accept() should either be compatible with FilterIterator::accept(): bool, or the #[\\ReturnTypeWillChange] attribute should be used to temporarily suppress the notice","file":"\/var\/www\/html\/wp-piscina\/wp-content\/plugins\/All-In-One-WP-Migration-Pro-master\/lib\/vendor\/servmask\/filter\/class-ai1wm-recursive-newline-filter.php","line":28}

Dec 28 2024 07:08:31
{"type":8192,"message":"Return type of Ai1wm_Recursive_Newline_Filter::accept() should either be compatible with FilterIterator::accept(): bool, or the #[\\ReturnTypeWillChange] attribute should be used to temporarily suppress the notice","file":"\/var\/www\/html\/wp-piscina\/wp-content\/plugins\/All-In-One-WP-Migration-Pro-master\/lib\/vendor\/servmask\/filter\/class-ai1wm-recursive-newline-filter.php","line":28}

Dec 28 2024 07:08:31
{"type":8192,"message":"Return type of Ai1wm_Recursive_Newline_Filter::accept() should either be compatible with FilterIterator::accept(): bool, or the #[\\ReturnTypeWillChange] attribute should be used to temporarily suppress the notice","file":"\/var\/www\/html\/wp-piscina\/wp-content\/plugins\/All-In-One-WP-Migration-Pro-master\/lib\/vendor\/servmask\/filter\/class-ai1wm-recursive-newline-filter.php","line":28}

Dec 28 2024 07:08:35
{"type":8192,"message":"Return type of Ai1wm_Recursive_Newline_Filter::accept() should either be compatible with FilterIterator::accept(): bool, or the #[\\ReturnTypeWillChange] attribute should be used to temporarily suppress the notice","file":"\/var\/www\/html\/wp-piscina\/wp-content\/plugins\/All-In-One-WP-Migration-Pro-master\/lib\/vendor\/servmask\/filter\/class-ai1wm-recursive-newline-filter.php","line":28}

Dec 28 2024 07:08:49
{"type":8192,"message":"Return type of Ai1wm_Recursive_Newline_Filter::accept() should either be compatible with FilterIterator::accept(): bool, or the #[\\ReturnTypeWillChange] attribute should be used to temporarily suppress the notice","file":"\/var\/www\/html\/wp-piscina\/wp-content\/plugins\/All-In-One-WP-Migration-Pro-master\/lib\/vendor\/servmask\/filter\/class-ai1wm-recursive-newline-filter.php","line":28}

Dec 28 2024 07:09:23
{"type":8192,"message":"Return type of Ai1wm_Recursive_Newline_Filter::accept() should either be compatible with FilterIterator::accept(): bool, or the #[\\ReturnTypeWillChange] attribute should be used to temporarily suppress the notice","file":"\/var\/www\/html\/wp-piscina\/wp-content\/plugins\/All-In-One-WP-Migration-Pro-master\/lib\/vendor\/servmask\/filter\/class-ai1wm-recursive-newline-filter.php","line":28}

Dec 28 2024 07:09:38
{"type":8192,"message":"Return type of Ai1wm_Recursive_Newline_Filter::accept() should either be compatible with FilterIterator::accept(): bool, or the #[\\ReturnTypeWillChange] attribute should be used to temporarily suppress the notice","file":"\/var\/www\/html\/wp-piscina\/wp-content\/plugins\/All-In-One-WP-Migration-Pro-master\/lib\/vendor\/servmask\/filter\/class-ai1wm-recursive-newline-filter.php","line":28}

Dec 28 2024 07:09:48
{"type":8192,"message":"Return type of Ai1wm_Recursive_Newline_Filter::accept() should either be compatible with FilterIterator::accept(): bool, or the #[\\ReturnTypeWillChange] attribute should be used to temporarily suppress the notice","file":"\/var\/www\/html\/wp-piscina\/wp-content\/plugins\/All-In-One-WP-Migration-Pro-master\/lib\/vendor\/servmask\/filter\/class-ai1wm-recursive-newline-filter.php","line":28}

Dec 28 2024 07:09:58
{"type":8192,"message":"Return type of Ai1wm_Recursive_Newline_Filter::accept() should either be compatible with FilterIterator::accept(): bool, or the #[\\ReturnTypeWillChange] attribute should be used to temporarily suppress the notice","file":"\/var\/www\/html\/wp-piscina\/wp-content\/plugins\/All-In-One-WP-Migration-Pro-master\/lib\/vendor\/servmask\/filter\/class-ai1wm-recursive-newline-filter.php","line":28}

Dec 28 2024 07:10:04
{"type":8192,"message":"Return type of Ai1wm_Recursive_Newline_Filter::accept() should either be compatible with FilterIterator::accept(): bool, or the #[\\ReturnTypeWillChange] attribute should be used to temporarily suppress the notice","file":"\/var\/www\/html\/wp-piscina\/wp-content\/plugins\/All-In-One-WP-Migration-Pro-master\/lib\/vendor\/servmask\/filter\/class-ai1wm-recursive-newline-filter.php","line":28}

Dec 28 2024 07:10:04
{"type":8192,"message":"Return type of Ai1wm_Recursive_Newline_Filter::accept() should either be compatible with FilterIterator::accept(): bool, or the #[\\ReturnTypeWillChange] attribute should be used to temporarily suppress the notice","file":"\/var\/www\/html\/wp-piscina\/wp-content\/plugins\/All-In-One-WP-Migration-Pro-master\/lib\/vendor\/servmask\/filter\/class-ai1wm-recursive-newline-filter.php","line":28}

Dec 28 2024 07:10:07
{"type":8192,"message":"Return type of Ai1wm_Recursive_Newline_Filter::accept() should either be compatible with FilterIterator::accept(): bool, or the #[\\ReturnTypeWillChange] attribute should be used to temporarily suppress the notice","file":"\/var\/www\/html\/wp-piscina\/wp-content\/plugins\/All-In-One-WP-Migration-Pro-master\/lib\/vendor\/servmask\/filter\/class-ai1wm-recursive-newline-filter.php","line":28}

Dec 28 2024 07:10:07
{"type":8192,"message":"Return type of Ai1wm_Recursive_Newline_Filter::accept() should either be compatible with FilterIterator::accept(): bool, or the #[\\ReturnTypeWillChange] attribute should be used to temporarily suppress the notice","file":"\/var\/www\/html\/wp-piscina\/wp-content\/plugins\/All-In-One-WP-Migration-Pro-master\/lib\/vendor\/servmask\/filter\/class-ai1wm-recursive-newline-filter.php","line":28}

Dec 28 2024 07:10:08
{"Number":2,"Message":"rename(\/var\/www\/html\/wp-piscina\/wp-content\/plugins\/All-In-One-WP-Migration-Pro-master\/storage\/7aebhgxvp4o2\/localhost-wp-piscina-20241228-070829-191.wpress,\/var\/www\/html\/wp-piscina\/wp-content\/ai1wm-backups\/localhost-wp-piscina-20241228-070829-191.wpress): Permission denied","File":"\/var\/www\/html\/wp-piscina\/wp-content\/plugins\/All-In-One-WP-Migration-Pro-master\/lib\/model\/export\/class-ai1wm-export-download.php","Line":40}

Dec 28 2024 07:10:08
{"type":8192,"message":"Return type of Ai1wm_Recursive_Newline_Filter::accept() should either be compatible with FilterIterator::accept(): bool, or the #[\\ReturnTypeWillChange] attribute should be used to temporarily suppress the notice","file":"\/var\/www\/html\/wp-piscina\/wp-content\/plugins\/All-In-One-WP-Migration-Pro-master\/lib\/vendor\/servmask\/filter\/class-ai1wm-recursive-newline-filter.php","line":28}

Dec 28 2024 07:10:08
{"type":8192,"message":"Return type of Ai1wm_Recursive_Newline_Filter::accept() should either be compatible with FilterIterator::accept(): bool, or the #[\\ReturnTypeWillChange] attribute should be used to temporarily suppress the notice","file":"\/var\/www\/html\/wp-piscina\/wp-content\/plugins\/All-In-One-WP-Migration-Pro-master\/lib\/vendor\/servmask\/filter\/class-ai1wm-recursive-newline-filter.php","line":28}

Dec 28 2024 07:42:17
{"type":8192,"message":"Return type of Ai1wm_Recursive_Newline_Filter::accept() should either be compatible with FilterIterator::accept(): bool, or the #[\\ReturnTypeWillChange] attribute should be used to temporarily suppress the notice","file":"\/var\/www\/html\/wp-piscina\/wp-content\/plugins\/All-In-One-WP-Migration-Pro-master\/lib\/vendor\/servmask\/filter\/class-ai1wm-recursive-newline-filter.php","line":28}

